Using pre-set license
Built from '2020.3/staging' branch; Version is '2020.3.33f1 (915a7af8b0d5) revision 9525882'; Using compiler version '192528614'; Build Type 'Release'
OS: 'Windows 11  (10.0.22000) 64bit Core' Language: 'en' Physical Memory: 32539 MB
BatchMode: 1, IsHumanControllingUs: 0, StartBugReporterOnCrash: 0, Is64bit: 1, IsPro: 0

COMMAND LINE ARGUMENTS:
C:\Program Files\Unity\Hub\Editor\2020.3.33f1\Editor\Unity.exe
-adb2
-batchMode
-noUpm
-name
AssetImportWorker0
-projectPath
C:/Users/anke_/UChicagoCS/Friend_BDay_Mecha
-logFile
Logs/AssetImportWorker0.log
-srvPort
63160
Successfully changed project path to: C:/Users/anke_/UChicagoCS/Friend_BDay_Mecha
C:/Users/anke_/UChicagoCS/Friend_BDay_Mecha
Using Asset Import Pipeline V2.
Refreshing native plugins compatible for Editor in 51.83 ms, found 3 plugins.
Preloading 0 native plugins for Editor in 0.00 ms.
Initialize engine version: 2020.3.33f1 (915a7af8b0d5)
[Subsystems] Discovering subsystems at path C:/Program Files/Unity/Hub/Editor/2020.3.33f1/Editor/Data/Resources/UnitySubsystems
[Subsystems] Discovering subsystems at path C:/Users/anke_/UChicagoCS/Friend_BDay_Mecha/Assets
GfxDevice: creating device client; threaded=0
Direct3D:
    Version:  Direct3D 11.0 [level 11.1]
    Renderer: NVIDIA Quadro P1000 (ID=0x1cbb)
    Vendor:   
    VRAM:     4020 MB
    Driver:   31.0.15.2879
Initialize mono
Mono path[0] = 'C:/Program Files/Unity/Hub/Editor/2020.3.33f1/Editor/Data/Managed'
Mono path[1] = 'C:/Program Files/Unity/Hub/Editor/2020.3.33f1/Editor/Data/MonoBleedingEdge/lib/mono/unityjit'
Mono config path = 'C:/Program Files/Unity/Hub/Editor/2020.3.33f1/Editor/Data/MonoBleedingEdge/etc'
Using monoOptions --debugger-agent=transport=dt_socket,embedding=1,server=y,suspend=n,address=127.0.0.1:56888
Begin MonoManager ReloadAssembly
Registering precompiled unity dll's ...
Register platform support module: C:/Program Files/Unity/Hub/Editor/2020.3.33f1/Editor/Data/PlaybackEngines/WebGLSupport/UnityEditor.WebGL.Extensions.dll
Register platform support module: C:/Program Files/Unity/Hub/Editor/2020.3.33f1/Editor/Data/PlaybackEngines/WindowsStandaloneSupport/UnityEditor.WindowsStandalone.Extensions.dll
Registered in 0.002020 seconds.
Native extension for WindowsStandalone target not found
Native extension for WebGL target not found
Refreshing native plugins compatible for Editor in 49.58 ms, found 3 plugins.
Preloading 0 native plugins for Editor in 0.00 ms.
Mono: successfully reloaded assembly
- Completed reload, in  0.567 seconds
Domain Reload Profiling:
	ReloadAssembly (567ms)
		BeginReloadAssembly (59ms)
			ExecutionOrderSort (0ms)
			DisableScriptedObjects (0ms)
			BackupInstance (0ms)
			ReleaseScriptingObjects (0ms)
			CreateAndSetChildDomain (1ms)
		EndReloadAssembly (439ms)
			LoadAssemblies (57ms)
			RebuildTransferFunctionScriptingTraits (0ms)
			SetupTypeCache (140ms)
			ReleaseScriptCaches (0ms)
			RebuildScriptCaches (30ms)
			SetupLoadedEditorAssemblies (171ms)
				LogAssemblyErrors (0ms)
				InitializePlatformSupportModulesInManaged (5ms)
				SetLoadedEditorAssemblies (0ms)
				RefreshPlugins (50ms)
				BeforeProcessingInitializeOnLoad (9ms)
				ProcessInitializeOnLoadAttributes (80ms)
				ProcessInitializeOnLoadMethodAttributes (27ms)
				AfterProcessingInitializeOnLoad (0ms)
				EditorAssembliesLoaded (0ms)
			ExecutionOrderSort2 (0ms)
			AwakeInstancesAfterBackupRestoration (0ms)
Platform modules already initialized, skipping
Registering precompiled user dll's ...
Registered in 0.003530 seconds.
Begin MonoManager ReloadAssembly
Symbol file LoadedFromMemory doesn't match image C:\Users\anke_\UChicagoCS\Friend_BDay_Mecha\Library\PackageCache\com.unity.collab-proxy@1.15.15\Lib\Editor\PlasticSCM\unityplastic.dll
Native extension for WindowsStandalone target not found
Native extension for WebGL target not found
Refreshing native plugins compatible for Editor in 48.53 ms, found 3 plugins.
Preloading 0 native plugins for Editor in 0.00 ms.
Mono: successfully reloaded assembly
- Completed reload, in  1.091 seconds
Domain Reload Profiling:
	ReloadAssembly (1092ms)
		BeginReloadAssembly (144ms)
			ExecutionOrderSort (0ms)
			DisableScriptedObjects (5ms)
			BackupInstance (0ms)
			ReleaseScriptingObjects (0ms)
			CreateAndSetChildDomain (18ms)
		EndReloadAssembly (884ms)
			LoadAssemblies (96ms)
			RebuildTransferFunctionScriptingTraits (0ms)
			SetupTypeCache (288ms)
			ReleaseScriptCaches (0ms)
			RebuildScriptCaches (51ms)
			SetupLoadedEditorAssemblies (338ms)
				LogAssemblyErrors (0ms)
				InitializePlatformSupportModulesInManaged (4ms)
				SetLoadedEditorAssemblies (0ms)
				RefreshPlugins (49ms)
				BeforeProcessingInitializeOnLoad (65ms)
				ProcessInitializeOnLoadAttributes (200ms)
				ProcessInitializeOnLoadMethodAttributes (15ms)
				AfterProcessingInitializeOnLoad (6ms)
				EditorAssembliesLoaded (0ms)
			ExecutionOrderSort2 (0ms)
			AwakeInstancesAfterBackupRestoration (6ms)
Platform modules already initialized, skipping
========================================================================
Worker process is ready to serve import requests
Launched and connected shader compiler UnityShaderCompiler.exe after 0.04 seconds
Refreshing native plugins compatible for Editor in 0.49 ms, found 3 plugins.
Preloading 0 native plugins for Editor in 0.00 ms.
Unloading 2371 Unused Serialized files (Serialized files now loaded: 0)
System memory in use before: 105.2 MB.
System memory in use after: 105.2 MB.

Unloading 32 unused Assets to reduce memory usage. Loaded Objects now: 2806.
Total: 3.457700 ms (FindLiveObjects: 0.179000 ms CreateObjectMapping: 0.489700 ms MarkObjects: 2.655200 ms  DeleteObjects: 0.133100 ms)

AssetImportParameters requested are different than current active one (requested -> active):
  custom:framework-win-MediaFoundation: 216162199b28c13a410421893ffa2e32 -> 
  custom:video-decoder-ogg-theora: a1e56fd34408186e4bbccfd4996cb3dc -> 
  custom:container-muxer-webm: aa71ff27fc2769a1b78a27578f13a17b -> 
  custom:container-demuxer-webm: 4f35f7cbe854078d1ac9338744f61a02 -> 
  custom:container-demuxer-ogg: 62fdf1f143b41e24485cea50d1cbac27 -> 
  custom:video-encoder-webm-vp8: eb34c28f22e8b96e1ab97ce403110664 -> 
  custom:video-codec-MediaFoundation-h265: 746d11721c4dcdbdad8f713fa42b33f4 -> 
  custom:video-decoder-webm-vp8: 9c59270c3fd7afecdb556c50c9e8de78 -> 
  custom:audio-decoder-ogg-vorbis: bf7c407c2cedff20999df2af8eb42d56 -> 
  custom:audio-encoder-webm-vorbis: bf7c407c2cedff20999df2af8eb42d56 -> 
========================================================================
Received Import Request.
  path: Assets/Art/UI/ui x3.png
  artifactKey: Guid(759a61dc38e809b45aa8385248803196) Importer(815301076,1909f56bfc062723c751e8b465ee728b)
Start importing Assets/Art/UI/ui x3.png using Guid(759a61dc38e809b45aa8385248803196) Importer(815301076,1909f56bfc062723c751e8b465ee728b)  -> (artifact id: '2ce75aadd30b3ae683d85c12de36fff3') in 0.388450 seconds 
========================================================================
Received Import Request.
  Time since last request: 1.318393 seconds.
  path: Assets/Art/Sprites/NPC/npc x3.png
  artifactKey: Guid(f13ccb7ea476e2742b1ba1ddfb459695) Importer(815301076,1909f56bfc062723c751e8b465ee728b)
Start importing Assets/Art/Sprites/NPC/npc x3.png using Guid(f13ccb7ea476e2742b1ba1ddfb459695) Importer(815301076,1909f56bfc062723c751e8b465ee728b)  -> (artifact id: 'bdc986c2e95115ae1a36c32d5b4f5f6e') in 0.044255 seconds 
========================================================================
Received Import Request.
  Time since last request: 1.869851 seconds.
  path: Assets/Art/Sprites/Projectiles/projectiles x3 1.png
  artifactKey: Guid(1d25baeac0dc70d4295a93dee3d04511) Importer(815301076,1909f56bfc062723c751e8b465ee728b)
Start importing Assets/Art/Sprites/Projectiles/projectiles x3 1.png using Guid(1d25baeac0dc70d4295a93dee3d04511) Importer(815301076,1909f56bfc062723c751e8b465ee728b)  -> (artifact id: 'e841249907e52ff2a59b6329ebd89e0d') in 0.028717 seconds 
========================================================================
Received Import Request.
  Time since last request: 0.000358 seconds.
  path: Assets/Art/Sprites/Projectiles/projectiles x3.png
  artifactKey: Guid(7e5d9bddb3da8634e863b9c713f50e84) Importer(815301076,1909f56bfc062723c751e8b465ee728b)
Start importing Assets/Art/Sprites/Projectiles/projectiles x3.png using Guid(7e5d9bddb3da8634e863b9c713f50e84) Importer(815301076,1909f56bfc062723c751e8b465ee728b)  -> (artifact id: 'a54efb812d6f89077bbdc462c39caa15') in 0.104900 seconds 
========================================================================
Received Import Request.
  Time since last request: 0.635624 seconds.
  path: Assets/Art/Sprites/Props/props_auto.png
  artifactKey: Guid(348b585553b1d1b4683f4556ea2d4f36) Importer(815301076,1909f56bfc062723c751e8b465ee728b)
Start importing Assets/Art/Sprites/Props/props_auto.png using Guid(348b585553b1d1b4683f4556ea2d4f36) Importer(815301076,1909f56bfc062723c751e8b465ee728b)  -> (artifact id: 'f16a41c495ee1aaf119c7ec10bea109c') in 0.309728 seconds 
========================================================================
Received Import Request.
  Time since last request: 0.000234 seconds.
  path: Assets/Art/Sprites/Props/props_small.png
  artifactKey: Guid(7d4064363c453f140a37cf05c89cf2bb) Importer(815301076,1909f56bfc062723c751e8b465ee728b)
Start importing Assets/Art/Sprites/Props/props_small.png using Guid(7d4064363c453f140a37cf05c89cf2bb) Importer(815301076,1909f56bfc062723c751e8b465ee728b)  -> (artifact id: 'adb01d34e87ede76feb20ce40f1c389d') in 0.504791 seconds 
========================================================================
Received Import Request.
  Time since last request: 226.356856 seconds.
  path: Assets/Art/Animations/FriendController.controller
  artifactKey: Guid(ab29fc9a899760d48ad3c5f294bc9d25) Importer(815301076,1909f56bfc062723c751e8b465ee728b)
Start importing Assets/Art/Animations/FriendController.controller using Guid(ab29fc9a899760d48ad3c5f294bc9d25) Importer(815301076,1909f56bfc062723c751e8b465ee728b)  -> (artifact id: '9e72d449beddaad9741bfea84ef32e37') in 0.018503 seconds 
